This file contains any messages produced by compilers while
running configure, to aid debugging if configure makes a mistake.

It was created by csmith configure 2.3.0, which was
generated by GNU Autoconf 2.69.  Invocation command line was

  $ ./configure 

## --------- ##
## Platform. ##
## --------- ##

hostname = pai-worker2
uname -m = x86_64
uname -r = 4.4.0-210-generic
uname -s = Linux
uname -v = #242-Ubuntu SMP Fri Apr 16 09:57:56 UTC 2021

/usr/bin/uname -p = unknown
/bin/uname -X     = unknown

/bin/arch              = unknown
/usr/bin/arch -k       = unknown
/usr/convex/getsysinfo = unknown
/usr/bin/hostinfo      = unknown
/bin/machine           = unknown
/usr/bin/oslevel       = unknown
/bin/universe          = unknown

PATH: /home/zzx/.vscode-server/bin/1a5daa3a0231a0fbba4f14db7ec463cf99d7768e/bin/remote-cli
PATH: /data/zzx//bin
PATH: /data/zzx//.local/bin
PATH: /home/zzx/bin
PATH: /home/zzx/.local/bin
PATH: /usr/local/sbin
PATH: /usr/local/bin
PATH: /usr/sbin
PATH: /usr/bin
PATH: /sbin
PATH: /bin
PATH: /usr/games
PATH: /usr/local/games
PATH: /snap/bin
PATH: /home/zzx/anaconda3/bin


## ----------- ##
## Core tests. ##
## ----------- ##

configure:2398: checking build system type
configure:2412: result: x86_64-unknown-linux-gnu
configure:2432: checking host system type
configure:2445: result: x86_64-unknown-linux-gnu
configure:2483: checking for a BSD-compatible install
configure:2551: result: /usr/bin/install -c
configure:2562: checking whether build environment is sane
configure:2617: result: yes
configure:2768: checking for a thread-safe mkdir -p
configure:2807: result: /bin/mkdir -p
configure:2814: checking for gawk
configure:2830: found /usr/bin/gawk
configure:2841: result: gawk
configure:2852: checking whether make sets $(MAKE)
configure:2874: result: yes
configure:2903: checking whether make supports nested variables
configure:2920: result: yes
configure:3048: checking whether to enable maintainer-specific portions of Makefiles
configure:3057: result: no
configure:3089: checking for style of include used by make
configure:3117: result: GNU
configure:3188: checking for gcc
configure:3204: found /usr/bin/gcc
configure:3215: result: gcc
configure:3444: checking for C compiler version
configure:3453: gcc --version >&5
gcc (Ubuntu 5.4.0-6ubuntu1~16.04.12) 5.4.0 20160609
Copyright (C) 2015 Free Software Foundation, Inc.
This is free software; see the source for copying conditions.  There is NO
warranty; not even for MERCHANTABILITY or FITNESS FOR A PARTICULAR PURPOSE.

configure:3464: $? = 0
configure:3453: gcc -v >&5
Using built-in specs.
COLLECT_GCC=gcc
COLLECT_LTO_WRAPPER=/usr/lib/gcc/x86_64-linux-gnu/5/lto-wrapper
Target: x86_64-linux-gnu
Configured with: ../src/configure -v --with-pkgversion='Ubuntu 5.4.0-6ubuntu1~16.04.12' --with-bugurl=file:///usr/share/doc/gcc-5/README.Bugs --enable-languages=c,ada,c++,java,go,d,fortran,objc,obj-c++ --prefix=/usr --program-suffix=-5 --enable-shared --enable-linker-build-id --libexecdir=/usr/lib --without-included-gettext --enable-threads=posix --libdir=/usr/lib --enable-nls --with-sysroot=/ --enable-clocale=gnu --enable-libstdcxx-debug --enable-libstdcxx-time=yes --with-default-libstdcxx-abi=new --enable-gnu-unique-object --disable-vtable-verify --enable-libmpx --enable-plugin --with-system-zlib --disable-browser-plugin --enable-java-awt=gtk --enable-gtk-cairo --with-java-home=/usr/lib/jvm/java-1.5.0-gcj-5-amd64/jre --enable-java-home --with-jvm-root-dir=/usr/lib/jvm/java-1.5.0-gcj-5-amd64 --with-jvm-jar-dir=/usr/lib/jvm-exports/java-1.5.0-gcj-5-amd64 --with-arch-directory=amd64 --with-ecj-jar=/usr/share/java/eclipse-ecj.jar --enable-objc-gc --enable-multiarch --disable-werror --with-arch-32=i686 --with-abi=m64 --with-multilib-list=m32,m64,mx32 --enable-multilib --with-tune=generic --enable-checking=release --build=x86_64-linux-gnu --host=x86_64-linux-gnu --target=x86_64-linux-gnu
Thread model: posix
gcc version 5.4.0 20160609 (Ubuntu 5.4.0-6ubuntu1~16.04.12) 
configure:3464: $? = 0
configure:3453: gcc -V >&5
gcc: error: unrecognized command line option '-V'
gcc: fatal error: no input files
compilation terminated.
configure:3464: $? = 1
configure:3453: gcc -qversion >&5
gcc: error: unrecognized command line option '-qversion'
gcc: fatal error: no input files
compilation terminated.
configure:3464: $? = 1
configure:3484: checking whether the C compiler works
configure:3506: gcc    conftest.c  >&5
configure:3510: $? = 0
configure:3558: result: yes
configure:3561: checking for C compiler default output file name
configure:3563: result: a.out
configure:3569: checking for suffix of executables
configure:3576: gcc -o conftest    conftest.c  >&5
configure:3580: $? = 0
configure:3602: result: 
configure:3624: checking whether we are cross compiling
configure:3632: gcc -o conftest    conftest.c  >&5
configure:3636: $? = 0
configure:3643: ./conftest
configure:3647: $? = 0
configure:3662: result: no
configure:3667: checking for suffix of object files
configure:3689: gcc -c   conftest.c >&5
configure:3693: $? = 0
configure:3714: result: o
configure:3718: checking whether we are using the GNU C compiler
configure:3737: gcc -c   conftest.c >&5
configure:3737: $? = 0
configure:3746: result: yes
configure:3755: checking whether gcc accepts -g
configure:3775: gcc -c -g  conftest.c >&5
configure:3775: $? = 0
configure:3816: result: yes
configure:3833: checking for gcc option to accept ISO C89
configure:3896: gcc  -c -g -O2  conftest.c >&5
configure:3896: $? = 0
configure:3909: result: none needed
configure:3934: checking whether gcc understands -c and -o together
configure:3956: gcc -c conftest.c -o conftest2.o
configure:3959: $? = 0
configure:3956: gcc -c conftest.c -o conftest2.o
configure:3959: $? = 0
configure:3971: result: yes
configure:3990: checking dependency style of gcc
configure:4101: result: gcc3
configure:4175: checking for g++
configure:4191: found /usr/bin/g++
configure:4202: result: g++
configure:4229: checking for C++ compiler version
configure:4238: g++ --version >&5
g++ (Ubuntu 5.4.0-6ubuntu1~16.04.12) 5.4.0 20160609
Copyright (C) 2015 Free Software Foundation, Inc.
This is free software; see the source for copying conditions.  There is NO
warranty; not even for MERCHANTABILITY or FITNESS FOR A PARTICULAR PURPOSE.

configure:4249: $? = 0
configure:4238: g++ -v >&5
Using built-in specs.
COLLECT_GCC=g++
COLLECT_LTO_WRAPPER=/usr/lib/gcc/x86_64-linux-gnu/5/lto-wrapper
Target: x86_64-linux-gnu
Configured with: ../src/configure -v --with-pkgversion='Ubuntu 5.4.0-6ubuntu1~16.04.12' --with-bugurl=file:///usr/share/doc/gcc-5/README.Bugs --enable-languages=c,ada,c++,java,go,d,fortran,objc,obj-c++ --prefix=/usr --program-suffix=-5 --enable-shared --enable-linker-build-id --libexecdir=/usr/lib --without-included-gettext --enable-threads=posix --libdir=/usr/lib --enable-nls --with-sysroot=/ --enable-clocale=gnu --enable-libstdcxx-debug --enable-libstdcxx-time=yes --with-default-libstdcxx-abi=new --enable-gnu-unique-object --disable-vtable-verify --enable-libmpx --enable-plugin --with-system-zlib --disable-browser-plugin --enable-java-awt=gtk --enable-gtk-cairo --with-java-home=/usr/lib/jvm/java-1.5.0-gcj-5-amd64/jre --enable-java-home --with-jvm-root-dir=/usr/lib/jvm/java-1.5.0-gcj-5-amd64 --with-jvm-jar-dir=/usr/lib/jvm-exports/java-1.5.0-gcj-5-amd64 --with-arch-directory=amd64 --with-ecj-jar=/usr/share/java/eclipse-ecj.jar --enable-objc-gc --enable-multiarch --disable-werror --with-arch-32=i686 --with-abi=m64 --with-multilib-list=m32,m64,mx32 --enable-multilib --with-tune=generic --enable-checking=release --build=x86_64-linux-gnu --host=x86_64-linux-gnu --target=x86_64-linux-gnu
Thread model: posix
gcc version 5.4.0 20160609 (Ubuntu 5.4.0-6ubuntu1~16.04.12) 
configure:4249: $? = 0
configure:4238: g++ -V >&5
g++: error: unrecognized command line option '-V'
g++: fatal error: no input files
compilation terminated.
configure:4249: $? = 1
configure:4238: g++ -qversion >&5
g++: error: unrecognized command line option '-qversion'
g++: fatal error: no input files
compilation terminated.
configure:4249: $? = 1
configure:4253: checking whether we are using the GNU C++ compiler
configure:4272: g++ -c   conftest.cpp >&5
configure:4272: $? = 0
configure:4281: result: yes
configure:4290: checking whether g++ accepts -g
configure:4310: g++ -c -g  conftest.cpp >&5
configure:4310: $? = 0
configure:4351: result: yes
configure:4376: checking dependency style of g++
configure:4487: result: gcc3
configure:4545: checking for ranlib
configure:4561: found /usr/bin/ranlib
configure:4572: result: ranlib
configure:4640: checking how to print strings
configure:4667: result: printf
configure:4688: checking for a sed that does not truncate output
configure:4752: result: /bin/sed
configure:4770: checking for grep that handles long lines and -e
configure:4828: result: /bin/grep
configure:4833: checking for egrep
configure:4895: result: /bin/grep -E
configure:4900: checking for fgrep
configure:4962: result: /bin/grep -F
configure:4997: checking for ld used by gcc
configure:5064: result: /usr/bin/ld
configure:5071: checking if the linker (/usr/bin/ld) is GNU ld
configure:5086: result: yes
configure:5098: checking for BSD- or MS-compatible name lister (nm)
configure:5152: result: /usr/bin/nm -B
configure:5282: checking the name lister (/usr/bin/nm -B) interface
configure:5289: gcc -c -g -O2  conftest.c >&5
configure:5292: /usr/bin/nm -B "conftest.o"
configure:5295: output
0000000000000000 B some_variable
configure:5302: result: BSD nm
configure:5305: checking whether ln -s works
configure:5309: result: yes
configure:5317: checking the maximum length of command line arguments
configure:5448: result: 1572864
configure:5496: checking how to convert x86_64-unknown-linux-gnu file names to x86_64-unknown-linux-gnu format
configure:5536: result: func_convert_file_noop
configure:5543: checking how to convert x86_64-unknown-linux-gnu file names to toolchain format
configure:5563: result: func_convert_file_noop
configure:5570: checking for /usr/bin/ld option to reload object files
configure:5577: result: -r
configure:5651: checking for objdump
configure:5667: found /usr/bin/objdump
configure:5678: result: objdump
configure:5710: checking how to recognize dependent libraries
configure:5910: result: pass_all
configure:5995: checking for dlltool
configure:6025: result: no
configure:6055: checking how to associate runtime and link libraries
configure:6082: result: printf %s\n
configure:6143: checking for ar
configure:6159: found /usr/bin/ar
configure:6170: result: ar
configure:6207: checking for archiver @FILE support
configure:6224: gcc -c -g -O2  conftest.c >&5
configure:6224: $? = 0
configure:6227: ar cru libconftest.a @conftest.lst >&5
ar: `u' modifier ignored since `D' is the default (see `U')
configure:6230: $? = 0
configure:6235: ar cru libconftest.a @conftest.lst >&5
ar: `u' modifier ignored since `D' is the default (see `U')
ar: conftest.o: No such file or directory
configure:6238: $? = 1
configure:6250: result: @
configure:6308: checking for strip
configure:6324: found /usr/bin/strip
configure:6335: result: strip
configure:6407: checking for ranlib
configure:6434: result: ranlib
configure:6536: checking command to parse /usr/bin/nm -B output from gcc object
configure:6689: gcc -c -g -O2  conftest.c >&5
configure:6692: $? = 0
configure:6696: /usr/bin/nm -B conftest.o \| sed -n -e 's/^.*[ ]\([ABCDGIRSTW][ABCDGIRSTW]*\)[ ][ ]*\([_A-Za-z][_A-Za-z0-9]*\)$/\1 \2 \2/p' | sed '/ __gnu_lto/d' \> conftest.nm
configure:6699: $? = 0
configure:6765: gcc -o conftest -g -O2   conftest.c conftstm.o >&5
configure:6768: $? = 0
configure:6806: result: ok
configure:6853: checking for sysroot
configure:6883: result: no
configure:6890: checking for a working dd
configure:6928: result: /bin/dd
configure:6932: checking how to truncate binary pipes
configure:6947: result: /bin/dd bs=4096 count=1
configure:7083: gcc -c -g -O2  conftest.c >&5
configure:7086: $? = 0
configure:7276: checking for mt
configure:7292: found /bin/mt
configure:7303: result: mt
configure:7326: checking if mt is a manifest tool
configure:7332: mt '-?'
configure:7340: result: no
configure:8017: checking how to run the C preprocessor
configure:8048: gcc -E  conftest.c
configure:8048: $? = 0
configure:8062: gcc -E  conftest.c
conftest.c:11:28: fatal error: ac_nonexistent.h: No such file or directory
compilation terminated.
configure:8062: $? = 1
configure: failed program was:
| /* confdefs.h */
| #define PACKAGE_NAME "csmith"
| #define PACKAGE_TARNAME "csmith"
| #define PACKAGE_VERSION "2.3.0"
| #define PACKAGE_STRING "csmith 2.3.0"
| #define PACKAGE_BUGREPORT "csmith-bugs@flux.utah.edu"
| #define PACKAGE_URL "http://embed.cs.utah.edu/csmith/"
| #define PACKAGE "csmith"
| #define VERSION "2.3.0"
| /* end confdefs.h.  */
| #include <ac_nonexistent.h>
configure:8087: result: gcc -E
configure:8107: gcc -E  conftest.c
configure:8107: $? = 0
configure:8121: gcc -E  conftest.c
conftest.c:11:28: fatal error: ac_nonexistent.h: No such file or directory
compilation terminated.
configure:8121: $? = 1
configure: failed program was:
| /* confdefs.h */
| #define PACKAGE_NAME "csmith"
| #define PACKAGE_TARNAME "csmith"
| #define PACKAGE_VERSION "2.3.0"
| #define PACKAGE_STRING "csmith 2.3.0"
| #define PACKAGE_BUGREPORT "csmith-bugs@flux.utah.edu"
| #define PACKAGE_URL "http://embed.cs.utah.edu/csmith/"
| #define PACKAGE "csmith"
| #define VERSION "2.3.0"
| /* end confdefs.h.  */
| #include <ac_nonexistent.h>
configure:8150: checking for ANSI C header files
configure:8170: gcc -c -g -O2  conftest.c >&5
configure:8170: $? = 0
configure:8243: gcc -o conftest -g -O2   conftest.c  >&5
configure:8243: $? = 0
configure:8243: ./conftest
configure:8243: $? = 0
configure:8254: result: yes
configure:8267: checking for sys/types.h
configure:8267: gcc -c -g -O2  conftest.c >&5
configure:8267: $? = 0
configure:8267: result: yes
configure:8267: checking for sys/stat.h
configure:8267: gcc -c -g -O2  conftest.c >&5
configure:8267: $? = 0
configure:8267: result: yes
configure:8267: checking for stdlib.h
configure:8267: gcc -c -g -O2  conftest.c >&5
configure:8267: $? = 0
configure:8267: result: yes
configure:8267: checking for string.h
configure:8267: gcc -c -g -O2  conftest.c >&5
configure:8267: $? = 0
configure:8267: result: yes
configure:8267: checking for memory.h
configure:8267: gcc -c -g -O2  conftest.c >&5
configure:8267: $? = 0
configure:8267: result: yes
configure:8267: checking for strings.h
configure:8267: gcc -c -g -O2  conftest.c >&5
configure:8267: $? = 0
configure:8267: result: yes
configure:8267: checking for inttypes.h
configure:8267: gcc -c -g -O2  conftest.c >&5
configure:8267: $? = 0
configure:8267: result: yes
configure:8267: checking for stdint.h
configure:8267: gcc -c -g -O2  conftest.c >&5
configure:8267: $? = 0
configure:8267: result: yes
configure:8267: checking for unistd.h
configure:8267: gcc -c -g -O2  conftest.c >&5
configure:8267: $? = 0
configure:8267: result: yes
configure:8281: checking for dlfcn.h
configure:8281: gcc -c -g -O2  conftest.c >&5
configure:8281: $? = 0
configure:8281: result: yes
configure:8548: checking for objdir
configure:8563: result: .libs
configure:8827: checking if gcc supports -fno-rtti -fno-exceptions
configure:8845: gcc -c -g -O2  -fno-rtti -fno-exceptions conftest.c >&5
cc1: warning: command line option '-fno-rtti' is valid for C++/ObjC++ but not for C
configure:8849: $? = 0
configure:8862: result: no
configure:9220: checking for gcc option to produce PIC
configure:9227: result: -fPIC -DPIC
configure:9235: checking if gcc PIC flag -fPIC -DPIC works
configure:9253: gcc -c -g -O2  -fPIC -DPIC -DPIC conftest.c >&5
configure:9257: $? = 0
configure:9270: result: yes
configure:9299: checking if gcc static flag -static works
configure:9327: result: yes
configure:9342: checking if gcc supports -c -o file.o
configure:9363: gcc -c -g -O2  -o out/conftest2.o conftest.c >&5
configure:9367: $? = 0
configure:9389: result: yes
configure:9397: checking if gcc supports -c -o file.o
configure:9444: result: yes
configure:9477: checking whether the gcc linker (/usr/bin/ld -m elf_x86_64) supports shared libraries
configure:10736: result: yes
configure:10773: checking whether -lc should be explicitly linked in
configure:10781: gcc -c -g -O2  conftest.c >&5
configure:10784: $? = 0
configure:10799: gcc -shared  -fPIC -DPIC conftest.o  -v -Wl,-soname -Wl,conftest -o conftest 2\>\&1 \| /bin/grep  -lc  \>/dev/null 2\>\&1
configure:10802: $? = 0
configure:10816: result: no
configure:10976: checking dynamic linker characteristics
configure:11557: gcc -o conftest -g -O2   -Wl,-rpath -Wl,/foo conftest.c  >&5
configure:11557: $? = 0
configure:11794: result: GNU/Linux ld.so
configure:11916: checking how to hardcode library paths into programs
configure:11941: result: immediate
configure:12489: checking whether stripping libraries is possible
configure:12494: result: yes
configure:12529: checking if libtool supports shared libraries
configure:12531: result: yes
configure:12534: checking whether to build shared libraries
configure:12559: result: yes
configure:12562: checking whether to build static libraries
configure:12566: result: yes
configure:12589: checking how to run the C++ preprocessor
configure:12616: g++ -E  conftest.cpp
configure:12616: $? = 0
configure:12630: g++ -E  conftest.cpp
conftest.cpp:23:28: fatal error: ac_nonexistent.h: No such file or directory
compilation terminated.
configure:12630: $? = 1
configure: failed program was:
| /* confdefs.h */
| #define PACKAGE_NAME "csmith"
| #define PACKAGE_TARNAME "csmith"
| #define PACKAGE_VERSION "2.3.0"
| #define PACKAGE_STRING "csmith 2.3.0"
| #define PACKAGE_BUGREPORT "csmith-bugs@flux.utah.edu"
| #define PACKAGE_URL "http://embed.cs.utah.edu/csmith/"
| #define PACKAGE "csmith"
| #define VERSION "2.3.0"
| #define STDC_HEADERS 1
| #define HAVE_SYS_TYPES_H 1
| #define HAVE_SYS_STAT_H 1
| #define HAVE_STDLIB_H 1
| #define HAVE_STRING_H 1
| #define HAVE_MEMORY_H 1
| #define HAVE_STRINGS_H 1
| #define HAVE_INTTYPES_H 1
| #define HAVE_STDINT_H 1
| #define HAVE_UNISTD_H 1
| #define HAVE_DLFCN_H 1
| #define LT_OBJDIR ".libs/"
| /* end confdefs.h.  */
| #include <ac_nonexistent.h>
configure:12655: result: g++ -E
configure:12675: g++ -E  conftest.cpp
configure:12675: $? = 0
configure:12689: g++ -E  conftest.cpp
conftest.cpp:23:28: fatal error: ac_nonexistent.h: No such file or directory
compilation terminated.
configure:12689: $? = 1
configure: failed program was:
| /* confdefs.h */
| #define PACKAGE_NAME "csmith"
| #define PACKAGE_TARNAME "csmith"
| #define PACKAGE_VERSION "2.3.0"
| #define PACKAGE_STRING "csmith 2.3.0"
| #define PACKAGE_BUGREPORT "csmith-bugs@flux.utah.edu"
| #define PACKAGE_URL "http://embed.cs.utah.edu/csmith/"
| #define PACKAGE "csmith"
| #define VERSION "2.3.0"
| #define STDC_HEADERS 1
| #define HAVE_SYS_TYPES_H 1
| #define HAVE_SYS_STAT_H 1
| #define HAVE_STDLIB_H 1
| #define HAVE_STRING_H 1
| #define HAVE_MEMORY_H 1
| #define HAVE_STRINGS_H 1
| #define HAVE_INTTYPES_H 1
| #define HAVE_STDINT_H 1
| #define HAVE_UNISTD_H 1
| #define HAVE_DLFCN_H 1
| #define LT_OBJDIR ".libs/"
| /* end confdefs.h.  */
| #include <ac_nonexistent.h>
configure:12851: checking for ld used by g++
configure:12918: result: /usr/bin/ld -m elf_x86_64
configure:12925: checking if the linker (/usr/bin/ld -m elf_x86_64) is GNU ld
configure:12940: result: yes
configure:12995: checking whether the g++ linker (/usr/bin/ld -m elf_x86_64) supports shared libraries
configure:14068: result: yes
configure:14104: g++ -c -g -O2  conftest.cpp >&5
configure:14107: $? = 0
configure:14588: checking for g++ option to produce PIC
configure:14595: result: -fPIC -DPIC
configure:14603: checking if g++ PIC flag -fPIC -DPIC works
configure:14621: g++ -c -g -O2  -fPIC -DPIC -DPIC conftest.cpp >&5
configure:14625: $? = 0
configure:14638: result: yes
configure:14661: checking if g++ static flag -static works
configure:14689: result: yes
configure:14701: checking if g++ supports -c -o file.o
configure:14722: g++ -c -g -O2  -o out/conftest2.o conftest.cpp >&5
configure:14726: $? = 0
configure:14748: result: yes
configure:14753: checking if g++ supports -c -o file.o
configure:14800: result: yes
configure:14830: checking whether the g++ linker (/usr/bin/ld -m elf_x86_64) supports shared libraries
configure:14870: result: yes
configure:15011: checking dynamic linker characteristics
configure:15756: result: GNU/Linux ld.so
configure:15821: checking how to hardcode library paths into programs
configure:15846: result: immediate
configure:15912: checking for library containing arc4random_buf
configure:15943: gcc -o conftest -g -O2   conftest.c  >&5
/data/zzx/tmp/cc34y4eG.o: In function `main':
/data/zzx/compiler_testing/csmith_recorder/conftest.c:34: undefined reference to `arc4random_buf'
collect2: error: ld returned 1 exit status
configure:15943: $? = 1
configure: failed program was:
| /* confdefs.h */
| #define PACKAGE_NAME "csmith"
| #define PACKAGE_TARNAME "csmith"
| #define PACKAGE_VERSION "2.3.0"
| #define PACKAGE_STRING "csmith 2.3.0"
| #define PACKAGE_BUGREPORT "csmith-bugs@flux.utah.edu"
| #define PACKAGE_URL "http://embed.cs.utah.edu/csmith/"
| #define PACKAGE "csmith"
| #define VERSION "2.3.0"
| #define STDC_HEADERS 1
| #define HAVE_SYS_TYPES_H 1
| #define HAVE_SYS_STAT_H 1
| #define HAVE_STDLIB_H 1
| #define HAVE_STRING_H 1
| #define HAVE_MEMORY_H 1
| #define HAVE_STRINGS_H 1
| #define HAVE_INTTYPES_H 1
| #define HAVE_STDINT_H 1
| #define HAVE_UNISTD_H 1
| #define HAVE_DLFCN_H 1
| #define LT_OBJDIR ".libs/"
| /* end confdefs.h.  */
| 
| /* Override any GCC internal prototype to avoid an error.
|    Use char because int might match the return type of a GCC
|    builtin and then its argument prototype would still apply.  */
| #ifdef __cplusplus
| extern "C"
| #endif
| char arc4random_buf ();
| int
| main ()
| {
| return arc4random_buf ();
|   ;
|   return 0;
| }
configure:15943: gcc -o conftest -g -O2   conftest.c -lbsd   >&5
/usr/bin/ld: cannot find -lbsd
collect2: error: ld returned 1 exit status
configure:15943: $? = 1
configure: failed program was:
| /* confdefs.h */
| #define PACKAGE_NAME "csmith"
| #define PACKAGE_TARNAME "csmith"
| #define PACKAGE_VERSION "2.3.0"
| #define PACKAGE_STRING "csmith 2.3.0"
| #define PACKAGE_BUGREPORT "csmith-bugs@flux.utah.edu"
| #define PACKAGE_URL "http://embed.cs.utah.edu/csmith/"
| #define PACKAGE "csmith"
| #define VERSION "2.3.0"
| #define STDC_HEADERS 1
| #define HAVE_SYS_TYPES_H 1
| #define HAVE_SYS_STAT_H 1
| #define HAVE_STDLIB_H 1
| #define HAVE_STRING_H 1
| #define HAVE_MEMORY_H 1
| #define HAVE_STRINGS_H 1
| #define HAVE_INTTYPES_H 1
| #define HAVE_STDINT_H 1
| #define HAVE_UNISTD_H 1
| #define HAVE_DLFCN_H 1
| #define LT_OBJDIR ".libs/"
| /* end confdefs.h.  */
| 
| /* Override any GCC internal prototype to avoid an error.
|    Use char because int might match the return type of a GCC
|    builtin and then its argument prototype would still apply.  */
| #ifdef __cplusplus
| extern "C"
| #endif
| char arc4random_buf ();
| int
| main ()
| {
| return arc4random_buf ();
|   ;
|   return 0;
| }
configure:15960: result: no
configure:15970: checking bsd/stdlib.h usability
configure:15970: gcc -c -g -O2  conftest.c >&5
conftest.c:56:24: fatal error: bsd/stdlib.h: No such file or directory
compilation terminated.
configure:15970: $? = 1
configure: failed program was:
| /* confdefs.h */
| #define PACKAGE_NAME "csmith"
| #define PACKAGE_TARNAME "csmith"
| #define PACKAGE_VERSION "2.3.0"
| #define PACKAGE_STRING "csmith 2.3.0"
| #define PACKAGE_BUGREPORT "csmith-bugs@flux.utah.edu"
| #define PACKAGE_URL "http://embed.cs.utah.edu/csmith/"
| #define PACKAGE "csmith"
| #define VERSION "2.3.0"
| #define STDC_HEADERS 1
| #define HAVE_SYS_TYPES_H 1
| #define HAVE_SYS_STAT_H 1
| #define HAVE_STDLIB_H 1
| #define HAVE_STRING_H 1
| #define HAVE_MEMORY_H 1
| #define HAVE_STRINGS_H 1
| #define HAVE_INTTYPES_H 1
| #define HAVE_STDINT_H 1
| #define HAVE_UNISTD_H 1
| #define HAVE_DLFCN_H 1
| #define LT_OBJDIR ".libs/"
| /* end confdefs.h.  */
| #include <stdio.h>
| #ifdef HAVE_SYS_TYPES_H
| # include <sys/types.h>
| #endif
| #ifdef HAVE_SYS_STAT_H
| # include <sys/stat.h>
| #endif
| #ifdef STDC_HEADERS
| # include <stdlib.h>
| # include <stddef.h>
| #else
| # ifdef HAVE_STDLIB_H
| #  include <stdlib.h>
| # endif
| #endif
| #ifdef HAVE_STRING_H
| # if !defined STDC_HEADERS && defined HAVE_MEMORY_H
| #  include <memory.h>
| # endif
| # include <string.h>
| #endif
| #ifdef HAVE_STRINGS_H
| # include <strings.h>
| #endif
| #ifdef HAVE_INTTYPES_H
| # include <inttypes.h>
| #endif
| #ifdef HAVE_STDINT_H
| # include <stdint.h>
| #endif
| #ifdef HAVE_UNISTD_H
| # include <unistd.h>
| #endif
| #include <bsd/stdlib.h>
configure:15970: result: no
configure:15970: checking bsd/stdlib.h presence
configure:15970: gcc -E  conftest.c
conftest.c:23:24: fatal error: bsd/stdlib.h: No such file or directory
compilation terminated.
configure:15970: $? = 1
configure: failed program was:
| /* confdefs.h */
| #define PACKAGE_NAME "csmith"
| #define PACKAGE_TARNAME "csmith"
| #define PACKAGE_VERSION "2.3.0"
| #define PACKAGE_STRING "csmith 2.3.0"
| #define PACKAGE_BUGREPORT "csmith-bugs@flux.utah.edu"
| #define PACKAGE_URL "http://embed.cs.utah.edu/csmith/"
| #define PACKAGE "csmith"
| #define VERSION "2.3.0"
| #define STDC_HEADERS 1
| #define HAVE_SYS_TYPES_H 1
| #define HAVE_SYS_STAT_H 1
| #define HAVE_STDLIB_H 1
| #define HAVE_STRING_H 1
| #define HAVE_MEMORY_H 1
| #define HAVE_STRINGS_H 1
| #define HAVE_INTTYPES_H 1
| #define HAVE_STDINT_H 1
| #define HAVE_UNISTD_H 1
| #define HAVE_DLFCN_H 1
| #define LT_OBJDIR ".libs/"
| /* end confdefs.h.  */
| #include <bsd/stdlib.h>
configure:15970: result: no
configure:15970: checking for bsd/stdlib.h
configure:15970: result: no
configure:15982: checking for arc4random_buf
configure:15982: gcc -o conftest -g -O2   conftest.c  >&5
/data/zzx/tmp/ccEc8j1V.o: In function `main':
/data/zzx/compiler_testing/csmith_recorder/conftest.c:57: undefined reference to `arc4random_buf'
collect2: error: ld returned 1 exit status
configure:15982: $? = 1
configure: failed program was:
| /* confdefs.h */
| #define PACKAGE_NAME "csmith"
| #define PACKAGE_TARNAME "csmith"
| #define PACKAGE_VERSION "2.3.0"
| #define PACKAGE_STRING "csmith 2.3.0"
| #define PACKAGE_BUGREPORT "csmith-bugs@flux.utah.edu"
| #define PACKAGE_URL "http://embed.cs.utah.edu/csmith/"
| #define PACKAGE "csmith"
| #define VERSION "2.3.0"
| #define STDC_HEADERS 1
| #define HAVE_SYS_TYPES_H 1
| #define HAVE_SYS_STAT_H 1
| #define HAVE_STDLIB_H 1
| #define HAVE_STRING_H 1
| #define HAVE_MEMORY_H 1
| #define HAVE_STRINGS_H 1
| #define HAVE_INTTYPES_H 1
| #define HAVE_STDINT_H 1
| #define HAVE_UNISTD_H 1
| #define HAVE_DLFCN_H 1
| #define LT_OBJDIR ".libs/"
| /* end confdefs.h.  */
| /* Define arc4random_buf to an innocuous variant, in case <limits.h> declares arc4random_buf.
|    For example, HP-UX 11i <limits.h> declares gettimeofday.  */
| #define arc4random_buf innocuous_arc4random_buf
| 
| /* System header to define __stub macros and hopefully few prototypes,
|     which can conflict with char arc4random_buf (); below.
|     Prefer <limits.h> to <assert.h> if __STDC__ is defined, since
|     <limits.h> exists even on freestanding compilers.  */
| 
| #ifdef __STDC__
| # include <limits.h>
| #else
| # include <assert.h>
| #endif
| 
| #undef arc4random_buf
| 
| /* Override any GCC internal prototype to avoid an error.
|    Use char because int might match the return type of a GCC
|    builtin and then its argument prototype would still apply.  */
| #ifdef __cplusplus
| extern "C"
| #endif
| char arc4random_buf ();
| /* The GNU C library defines this for functions which it implements
|     to always fail with ENOSYS.  Some functions are actually named
|     something starting with __ and the normal name is an alias.  */
| #if defined __stub_arc4random_buf || defined __stub___arc4random_buf
| choke me
| #endif
| 
| int
| main ()
| {
| return arc4random_buf ();
|   ;
|   return 0;
| }
configure:15982: result: no
configure:15998: checking for lrand48
configure:15998: gcc -o conftest -g -O2   conftest.c  >&5
configure:15998: $? = 0
configure:15998: result: yes
configure:16023: checking for srand48_deterministic
configure:16023: gcc -o conftest -g -O2   conftest.c  >&5
/data/zzx/tmp/cc5kwnC4.o: In function `main':
/data/zzx/compiler_testing/csmith_recorder/conftest.c:58: undefined reference to `srand48_deterministic'
collect2: error: ld returned 1 exit status
configure:16023: $? = 1
configure: failed program was:
| /* confdefs.h */
| #define PACKAGE_NAME "csmith"
| #define PACKAGE_TARNAME "csmith"
| #define PACKAGE_VERSION "2.3.0"
| #define PACKAGE_STRING "csmith 2.3.0"
| #define PACKAGE_BUGREPORT "csmith-bugs@flux.utah.edu"
| #define PACKAGE_URL "http://embed.cs.utah.edu/csmith/"
| #define PACKAGE "csmith"
| #define VERSION "2.3.0"
| #define STDC_HEADERS 1
| #define HAVE_SYS_TYPES_H 1
| #define HAVE_SYS_STAT_H 1
| #define HAVE_STDLIB_H 1
| #define HAVE_STRING_H 1
| #define HAVE_MEMORY_H 1
| #define HAVE_STRINGS_H 1
| #define HAVE_INTTYPES_H 1
| #define HAVE_STDINT_H 1
| #define HAVE_UNISTD_H 1
| #define HAVE_DLFCN_H 1
| #define LT_OBJDIR ".libs/"
| #define HAVE_LRAND48 1
| /* end confdefs.h.  */
| /* Define srand48_deterministic to an innocuous variant, in case <limits.h> declares srand48_deterministic.
|    For example, HP-UX 11i <limits.h> declares gettimeofday.  */
| #define srand48_deterministic innocuous_srand48_deterministic
| 
| /* System header to define __stub macros and hopefully few prototypes,
|     which can conflict with char srand48_deterministic (); below.
|     Prefer <limits.h> to <assert.h> if __STDC__ is defined, since
|     <limits.h> exists even on freestanding compilers.  */
| 
| #ifdef __STDC__
| # include <limits.h>
| #else
| # include <assert.h>
| #endif
| 
| #undef srand48_deterministic
| 
| /* Override any GCC internal prototype to avoid an error.
|    Use char because int might match the return type of a GCC
|    builtin and then its argument prototype would still apply.  */
| #ifdef __cplusplus
| extern "C"
| #endif
| char srand48_deterministic ();
| /* The GNU C library defines this for functions which it implements
|     to always fail with ENOSYS.  Some functions are actually named
|     something starting with __ and the normal name is an alias.  */
| #if defined __stub_srand48_deterministic || defined __stub___srand48_deterministic
| choke me
| #endif
| 
| int
| main ()
| {
| return srand48_deterministic ();
|   ;
|   return 0;
| }
configure:16023: result: no
configure:16047: checking for m4
configure:16063: found /usr/bin/m4
configure:16074: result: m4
configure:16198: checking that generated files are newer than configure
configure:16204: result: done
configure:16239: creating ./config.status

## ---------------------- ##
## Running config.status. ##
## ---------------------- ##

This file was extended by csmith config.status 2.3.0, which was
generated by GNU Autoconf 2.69.  Invocation command line was

  CONFIG_FILES    = 
  CONFIG_HEADERS  = 
  CONFIG_LINKS    = 
  CONFIG_COMMANDS = 
  $ ./config.status 

on pai-worker2

config.status:1158: creating Makefile
config.status:1158: creating doc/Makefile
config.status:1158: creating runtime/Makefile
config.status:1158: creating scripts/Makefile
config.status:1158: creating src/Makefile
config.status:1158: creating config.h
config.status:1352: executing depfiles commands
config.status:1352: executing libtool commands

## ---------------- ##
## Cache variables. ##
## ---------------- ##

ac_cv_build=x86_64-unknown-linux-gnu
ac_cv_c_compiler_gnu=yes
ac_cv_cxx_compiler_gnu=yes
ac_cv_env_CCC_set=
ac_cv_env_CCC_value=
ac_cv_env_CC_set=
ac_cv_env_CC_value=
ac_cv_env_CFLAGS_set=
ac_cv_env_CFLAGS_value=
ac_cv_env_CPPFLAGS_set=
ac_cv_env_CPPFLAGS_value=
ac_cv_env_CPP_set=
ac_cv_env_CPP_value=
ac_cv_env_CXXCPP_set=
ac_cv_env_CXXCPP_value=
ac_cv_env_CXXFLAGS_set=
ac_cv_env_CXXFLAGS_value=
ac_cv_env_CXX_set=
ac_cv_env_CXX_value=
ac_cv_env_LDFLAGS_set=
ac_cv_env_LDFLAGS_value=
ac_cv_env_LIBS_set=
ac_cv_env_LIBS_value=
ac_cv_env_LT_SYS_LIBRARY_PATH_set=
ac_cv_env_LT_SYS_LIBRARY_PATH_value=
ac_cv_env_build_alias_set=
ac_cv_env_build_alias_value=
ac_cv_env_host_alias_set=
ac_cv_env_host_alias_value=
ac_cv_env_target_alias_set=
ac_cv_env_target_alias_value=
ac_cv_func_arc4random_buf=no
ac_cv_func_lrand48=yes
ac_cv_func_srand48_deterministic=no
ac_cv_header_bsd_stdlib_h=no
ac_cv_header_dlfcn_h=yes
ac_cv_header_inttypes_h=yes
ac_cv_header_memory_h=yes
ac_cv_header_stdc=yes
ac_cv_header_stdint_h=yes
ac_cv_header_stdlib_h=yes
ac_cv_header_string_h=yes
ac_cv_header_strings_h=yes
ac_cv_header_sys_stat_h=yes
ac_cv_header_sys_types_h=yes
ac_cv_header_unistd_h=yes
ac_cv_host=x86_64-unknown-linux-gnu
ac_cv_objext=o
ac_cv_path_EGREP='/bin/grep -E'
ac_cv_path_FGREP='/bin/grep -F'
ac_cv_path_GREP=/bin/grep
ac_cv_path_SED=/bin/sed
ac_cv_path_install='/usr/bin/install -c'
ac_cv_path_lt_DD=/bin/dd
ac_cv_path_mkdir=/bin/mkdir
ac_cv_prog_AWK=gawk
ac_cv_prog_CPP='gcc -E'
ac_cv_prog_CXXCPP='g++ -E'
ac_cv_prog_M4=m4
ac_cv_prog_ac_ct_AR=ar
ac_cv_prog_ac_ct_CC=gcc
ac_cv_prog_ac_ct_CXX=g++
ac_cv_prog_ac_ct_MANIFEST_TOOL=mt
ac_cv_prog_ac_ct_OBJDUMP=objdump
ac_cv_prog_ac_ct_RANLIB=ranlib
ac_cv_prog_ac_ct_STRIP=strip
ac_cv_prog_cc_c89=
ac_cv_prog_cc_g=yes
ac_cv_prog_cxx_g=yes
ac_cv_prog_make_make_set=yes
ac_cv_search_arc4random_buf=no
am_cv_CC_dependencies_compiler_type=gcc3
am_cv_CXX_dependencies_compiler_type=gcc3
am_cv_make_support_nested_variables=yes
am_cv_prog_cc_c_o=yes
lt_cv_ar_at_file=@
lt_cv_archive_cmds_need_lc=no
lt_cv_deplibs_check_method=pass_all
lt_cv_file_magic_cmd='$MAGIC_CMD'
lt_cv_file_magic_test_file=
lt_cv_ld_reload_flag=-r
lt_cv_nm_interface='BSD nm'
lt_cv_objdir=.libs
lt_cv_path_LD=/usr/bin/ld
lt_cv_path_LDCXX='/usr/bin/ld -m elf_x86_64'
lt_cv_path_NM='/usr/bin/nm -B'
lt_cv_path_mainfest_tool=no
lt_cv_prog_compiler_c_o=yes
lt_cv_prog_compiler_c_o_CXX=yes
lt_cv_prog_compiler_pic='-fPIC -DPIC'
lt_cv_prog_compiler_pic_CXX='-fPIC -DPIC'
lt_cv_prog_compiler_pic_works=yes
lt_cv_prog_compiler_pic_works_CXX=yes
lt_cv_prog_compiler_rtti_exceptions=no
lt_cv_prog_compiler_static_works=yes
lt_cv_prog_compiler_static_works_CXX=yes
lt_cv_prog_gnu_ld=yes
lt_cv_prog_gnu_ldcxx=yes
lt_cv_sharedlib_from_linklib_cmd='printf %s\n'
lt_cv_shlibpath_overrides_runpath=no
lt_cv_sys_global_symbol_pipe='sed -n -e '\''s/^.*[	 ]\([ABCDGIRSTW][ABCDGIRSTW]*\)[	 ][	 ]*\([_A-Za-z][_A-Za-z0-9]*\)$/\1 \2 \2/p'\'' | sed '\''/ __gnu_lto/d'\'''
lt_cv_sys_global_symbol_to_c_name_address='sed -n -e '\''s/^: \(.*\) .*$/  {"\1", (void *) 0},/p'\'' -e '\''s/^[ABCDGIRSTW][ABCDGIRSTW]* .* \(.*\)$/  {"\1", (void *) \&\1},/p'\'''
lt_cv_sys_global_symbol_to_c_name_address_lib_prefix='sed -n -e '\''s/^: \(.*\) .*$/  {"\1", (void *) 0},/p'\'' -e '\''s/^[ABCDGIRSTW][ABCDGIRSTW]* .* \(lib.*\)$/  {"\1", (void *) \&\1},/p'\'' -e '\''s/^[ABCDGIRSTW][ABCDGIRSTW]* .* \(.*\)$/  {"lib\1", (void *) \&\1},/p'\'''
lt_cv_sys_global_symbol_to_cdecl='sed -n -e '\''s/^T .* \(.*\)$/extern int \1();/p'\'' -e '\''s/^[ABCDGIRSTW][ABCDGIRSTW]* .* \(.*\)$/extern char \1;/p'\'''
lt_cv_sys_global_symbol_to_import=
lt_cv_sys_max_cmd_len=1572864
lt_cv_to_host_file_cmd=func_convert_file_noop
lt_cv_to_tool_file_cmd=func_convert_file_noop
lt_cv_truncate_bin='/bin/dd bs=4096 count=1'

## ----------------- ##
## Output variables. ##
## ----------------- ##

ACLOCAL='${SHELL} /data/zzx/compiler_testing/csmith_recorder/autoconf/missing aclocal-1.15'
AMDEPBACKSLASH='\'
AMDEP_FALSE='#'
AMDEP_TRUE=''
AMTAR='$${TAR-tar}'
AM_BACKSLASH='\'
AM_DEFAULT_V='$(AM_DEFAULT_VERBOSITY)'
AM_DEFAULT_VERBOSITY='1'
AM_V='$(V)'
AR='ar'
AUTOCONF='${SHELL} /data/zzx/compiler_testing/csmith_recorder/autoconf/missing autoconf'
AUTOHEADER='${SHELL} /data/zzx/compiler_testing/csmith_recorder/autoconf/missing autoheader'
AUTOMAKE='${SHELL} /data/zzx/compiler_testing/csmith_recorder/autoconf/missing automake-1.15'
AWK='gawk'
CC='gcc'
CCDEPMODE='depmode=gcc3'
CFLAGS='-g -O2'
CPP='gcc -E'
CPPFLAGS=''
CXX='g++'
CXXCPP='g++ -E'
CXXDEPMODE='depmode=gcc3'
CXXFLAGS='-g -O3 -Wall -Wextra -Wno-long-long'
CYGPATH_W='echo'
DEFS='-DHAVE_CONFIG_H'
DEPDIR='.deps'
DLLTOOL='false'
DSYMUTIL=''
DUMPBIN=''
ECHO_C=''
ECHO_N='-n'
ECHO_T=''
EGREP='/bin/grep -E'
EXEEXT=''
FGREP='/bin/grep -F'
GREP='/bin/grep'
HAVE_LRAND48_FALSE='#'
HAVE_LRAND48_TRUE=''
INSTALL_DATA='${INSTALL} -m 644'
INSTALL_PROGRAM='${INSTALL}'
INSTALL_SCRIPT='${INSTALL}'
INSTALL_STRIP_PROGRAM='$(install_sh) -c -s'
LD='/usr/bin/ld -m elf_x86_64'
LDFLAGS=''
LIBOBJS=''
LIBS=''
LIBTOOL='$(SHELL) $(top_builddir)/libtool'
LIPO=''
LN_S='ln -s'
LTLIBOBJS=''
LT_SYS_LIBRARY_PATH=''
M4='m4'
MAINT='#'
MAINTAINER_MODE_FALSE=''
MAINTAINER_MODE_TRUE='#'
MAKEINFO='${SHELL} /data/zzx/compiler_testing/csmith_recorder/autoconf/missing makeinfo'
MANIFEST_TOOL=':'
MKDIR_P='/bin/mkdir -p'
NM='/usr/bin/nm -B'
NMEDIT=''
OBJDUMP='objdump'
OBJEXT='o'
OTOOL64=''
OTOOL=''
PACKAGE='csmith'
PACKAGE_BUGREPORT='csmith-bugs@flux.utah.edu'
PACKAGE_NAME='csmith'
PACKAGE_STRING='csmith 2.3.0'
PACKAGE_TARNAME='csmith'
PACKAGE_URL='http://embed.cs.utah.edu/csmith/'
PACKAGE_VERSION='2.3.0'
PATH_SEPARATOR=':'
RANLIB='ranlib'
SED='/bin/sed'
SET_MAKE=''
SHELL='/bin/sh'
STRIP='strip'
VERSION='2.3.0'
ac_ct_AR='ar'
ac_ct_CC='gcc'
ac_ct_CXX='g++'
ac_ct_DUMPBIN=''
am__EXEEXT_FALSE=''
am__EXEEXT_TRUE='#'
am__fastdepCC_FALSE='#'
am__fastdepCC_TRUE=''
am__fastdepCXX_FALSE='#'
am__fastdepCXX_TRUE=''
am__include='include'
am__isrc=''
am__leading_dot='.'
am__nodep='_no'
am__quote=''
am__tar='$${TAR-tar} chof - "$$tardir"'
am__untar='$${TAR-tar} xf -'
bindir='${exec_prefix}/bin'
build='x86_64-unknown-linux-gnu'
build_alias=''
build_cpu='x86_64'
build_os='linux-gnu'
build_vendor='unknown'
datadir='${datarootdir}'
datarootdir='${prefix}/share'
docdir='${datarootdir}/doc/${PACKAGE_TARNAME}'
dvidir='${docdir}'
exec_prefix='${prefix}'
host='x86_64-unknown-linux-gnu'
host_alias=''
host_cpu='x86_64'
host_os='linux-gnu'
host_vendor='unknown'
htmldir='${docdir}'
includedir='${prefix}/include'
infodir='${datarootdir}/info'
install_sh='${SHELL} /data/zzx/compiler_testing/csmith_recorder/autoconf/install-sh'
libdir='${exec_prefix}/lib'
libexecdir='${exec_prefix}/libexec'
localedir='${datarootdir}/locale'
localstatedir='${prefix}/var'
mandir='${datarootdir}/man'
mkdir_p='$(MKDIR_P)'
oldincludedir='/usr/include'
pdfdir='${docdir}'
prefix='/usr/local'
program_transform_name='s,x,x,'
psdir='${docdir}'
sbindir='${exec_prefix}/sbin'
sharedstatedir='${prefix}/com'
sysconfdir='${prefix}/etc'
target_alias=''

## ----------- ##
## confdefs.h. ##
## ----------- ##

/* confdefs.h */
#define PACKAGE_NAME "csmith"
#define PACKAGE_TARNAME "csmith"
#define PACKAGE_VERSION "2.3.0"
#define PACKAGE_STRING "csmith 2.3.0"
#define PACKAGE_BUGREPORT "csmith-bugs@flux.utah.edu"
#define PACKAGE_URL "http://embed.cs.utah.edu/csmith/"
#define PACKAGE "csmith"
#define VERSION "2.3.0"
#define STDC_HEADERS 1
#define HAVE_SYS_TYPES_H 1
#define HAVE_SYS_STAT_H 1
#define HAVE_STDLIB_H 1
#define HAVE_STRING_H 1
#define HAVE_MEMORY_H 1
#define HAVE_STRINGS_H 1
#define HAVE_INTTYPES_H 1
#define HAVE_STDINT_H 1
#define HAVE_UNISTD_H 1
#define HAVE_DLFCN_H 1
#define LT_OBJDIR ".libs/"
#define HAVE_LRAND48 1

configure: exit 0
